<?xml version="1.0" encoding="UTF-8"?>
<testng-results ignored="0" total="2" passed="2" failed="0" skipped="0">
  <reporter-output>
  </reporter-output>
  <suite started-at="2025-01-08T00:03:32 IST" name="Default suite" finished-at="2025-01-08T00:04:14 IST" duration-ms="41900">
    <groups>
    </groups>
    <test started-at="2025-01-08T00:03:32 IST" name="Default test" finished-at="2025-01-08T00:04:14 IST" duration-ms="41900">
      <class name="Test_Case.TestCase">
        <test-method signature="Testcase1()[pri:1, instance:Test_Case.TestCase@69e153c5]" started-at="2025-01-08T00:03:32 IST" name="Testcase1" finished-at="2025-01-08T00:04:06 IST" duration-ms="34732" status="PASS">
          <reporter-output>
          </reporter-output>
        </test-method> <!-- Testcase1 -->
        <test-method signature="Testcase2()[pri:2, instance:Test_Case.TestCase@69e153c5]" started-at="2025-01-08T00:04:06 IST" name="Testcase2" finished-at="2025-01-08T00:04:14 IST" duration-ms="7113" status="PASS">
          <reporter-output>
          </reporter-output>
        </test-method> <!-- Testcase2 -->
      </class> <!-- Test_Case.TestCase -->
    </test> <!-- Default test -->
  </suite> <!-- Default suite -->
</testng-results>
