<?xml version="1.0" encoding="UTF-8"?>
<!-- Generated by org.testng.reporters.JUnitXMLReporter -->
<testsuite ignored="0" hostname="Venkat" failures="1" tests="2" name="Test" time="7.727" errors="0" timestamp="2025-01-18T20:13:06 IST">
  <testcase classname="TestCase.TestRunner" name="Testcase2" time="0.016"/>
  <testcase classname="TestCase.TestRunner" name="guruPaymentGwetway" time="7.435">
    <failure type="java.lang.NullPointerException" message="Cannot invoke &amp;quot;org.openqa.selenium.WebDriver.findElement(org.openqa.selenium.By)&amp;quot; because &amp;quot;Wrap_Pack.Selenium_Methods.driver&amp;quot; is null">
      <![CDATA[java.lang.NullPointerException: Cannot invoke "org.openqa.selenium.WebDriver.findElement(org.openqa.selenium.By)" because "Wrap_Pack.Selenium_Methods.driver" is null
at Wrap_Pack.Selenium_Methods.findElement(Selenium_Methods.java:19)
at Method_Def.Defanitions.BuyNow(Defanitions.java:20)
at TestCase.TestRunner.guruPaymentGwetway(TestRunner.java:32)
at java.base/java.util.ArrayList.forEach(ArrayList.java:1596)
... Removed 25 stack frames]]>
    </failure>
  </testcase> <!-- guruPaymentGwetway -->
</testsuite> <!-- Test -->
