<?xml version="1.0" encoding="UTF-8"?>
<!-- Generated by org.testng.reporters.JUnitXMLReporter -->
<testsuite ignored="0" hostname="Venkat" failures="0" tests="6" name="Test" time="17.809" errors="0" timestamp="2025-01-22T20:35:46 IST">
  <testcase classname="TestRunner.TestCases" name="Login" time="1.172"/>
  <testcase classname="TestRunner.TestCases" name="Search_Hotel" time="2.403"/>
  <testcase classname="TestRunner.TestCases" name="Confrom_Hotel" time="1.173"/>
  <testcase classname="TestRunner.TestCases" name="Book_Hotel" time="0.507"/>
  <testcase classname="TestRunner.TestCases" name="Payments" time="1.144"/>
  <testcase classname="TestRunner.TestCases" name="getHotelbookingid" time="9.628"/>
</testsuite> <!-- Test -->
