<?xml version="1.0" encoding="UTF-8"?>
<!-- Generated by org.testng.reporters.JUnitXMLReporter -->
<testsuite ignored="0" hostname="Venkat" failures="0" tests="3" name="Test" time="118.126" errors="0" timestamp="2024-12-29T01:03:51 IST">
  <testcase classname="FirstSampleProject.Guru99" name="add_Customer" time="21.195"/>
  <testcase classname="FirstSampleProject.Guru99" name="payBilling" time="7.834"/>
  <testcase classname="FirstSampleProject.Guru99" name="tariffPlanCustomer" time="24.288"/>
</testsuite> <!-- Test -->
