<?xml version="1.0" encoding="UTF-8"?>
<!-- Generated by org.testng.reporters.JUnitXMLReporter -->
<testsuite ignored="0" hostname="Venkat" failures="0" tests="6" name="Default test" time="16.99" errors="0" timestamp="2025-01-22T20:33:55 IST">
  <testcase classname="TestRunner.TestCases" name="Login" time="1.725"/>
  <testcase classname="TestRunner.TestCases" name="Search_Hotel" time="2.578"/>
  <testcase classname="TestRunner.TestCases" name="Confrom_Hotel" time="1.154"/>
  <testcase classname="TestRunner.TestCases" name="Book_Hotel" time="0.998"/>
  <testcase classname="TestRunner.TestCases" name="Payments" time="0.952"/>
  <testcase classname="TestRunner.TestCases" name="getHotelbookingid" time="9.492"/>
</testsuite> <!-- Default test -->
