<?xml version="1.0" encoding="UTF-8"?>
<testng-results ignored="0" total="2" passed="2" failed="0" skipped="0">
  <reporter-output>
  </reporter-output>
  <suite started-at="2025-01-25T00:34:13 IST" name="Default suite" finished-at="2025-01-25T00:34:30 IST" duration-ms="16265">
    <groups>
    </groups>
    <test started-at="2025-01-25T00:34:13 IST" name="Default test" finished-at="2025-01-25T00:34:30 IST" duration-ms="16265">
      <class name="TestCase.TestRunner">
        <test-method signature="Testcase2()[pri:0, instance:TestCase.TestRunner@2c35e847]" started-at="2025-01-25T00:34:13 IST" name="Testcase2" finished-at="2025-01-25T00:34:13 IST" duration-ms="16" status="PASS">
          <reporter-output>
          </reporter-output>
        </test-method> <!-- Testcase2 -->
        <test-method signature="guruPaymentGwetway()[pri:0, instance:TestCase.TestRunner@2c35e847]" started-at="2025-01-25T00:34:13 IST" name="guruPaymentGwetway" finished-at="2025-01-25T00:34:30 IST" duration-ms="16207" status="PASS">
          <reporter-output>
          </reporter-output>
        </test-method> <!-- guruPaymentGwetway -->
      </class> <!-- TestCase.TestRunner -->
    </test> <!-- Default test -->
  </suite> <!-- Default suite -->
</testng-results>
