<?xml version="1.0" encoding="UTF-8"?>
<testng-results ignored="0" total="1" passed="1" failed="0" skipped="0">
  <reporter-output>
  </reporter-output>
  <suite started-at="2025-01-30T23:19:49 IST" name="Suite" finished-at="2025-01-30T23:20:06 IST" duration-ms="16826">
    <groups>
    </groups>
    <test started-at="2025-01-30T23:19:49 IST" name="Test" finished-at="2025-01-30T23:20:06 IST" duration-ms="16826">
      <class name="TestCase_Pack.TestCase_Demo">
        <test-method is-config="true" signature="TestAuto()[pri:0, instance:TestCase_Pack.TestCase_Demo@1530c739]" started-at="2025-01-30T23:19:50 IST" name="TestAuto" finished-at="2025-01-30T23:20:01 IST" duration-ms="11387" status="PASS">
          <reporter-output>
          </reporter-output>
        </test-method> <!-- TestAuto -->
        <test-method signature="demoSide()[pri:0, instance:TestCase_Pack.TestCase_Demo@1530c739]" started-at="2025-01-30T23:20:01 IST" name="demoSide" finished-at="2025-01-30T23:20:06 IST" duration-ms="4798" status="PASS">
          <reporter-output>
          </reporter-output>
        </test-method> <!-- demoSide -->
        <test-method is-config="true" signature="driverClose()[pri:0, instance:TestCase_Pack.TestCase_Demo@1530c739]" started-at="2025-01-30T23:20:06 IST" name="driverClose" finished-at="2025-01-30T23:20:06 IST" duration-ms="1" status="PASS">
          <reporter-output>
          </reporter-output>
        </test-method> <!-- driverClose -->
      </class> <!-- TestCase_Pack.TestCase_Demo -->
    </test> <!-- Test -->
  </suite> <!-- Suite -->
</testng-results>
