<?xml version="1.0" encoding="UTF-8"?>
<testng-results ignored="0" total="6" passed="6" failed="0" skipped="0">
  <reporter-output>
  </reporter-output>
  <suite started-at="2025-01-22T20:35:28 IST" name="Suite" finished-at="2025-01-22T20:35:46 IST" duration-ms="17809">
    <groups>
    </groups>
    <test started-at="2025-01-22T20:35:28 IST" name="Test" finished-at="2025-01-22T20:35:46 IST" duration-ms="17809">
      <class name="TestRunner.TestCases">
        <test-method is-config="true" signature="Verify_url_launch()[pri:0, instance:TestRunner.TestCases@82de64a]" started-at="2025-01-22T20:35:24 IST" name="Verify_url_launch" finished-at="2025-01-22T20:35:28 IST" duration-ms="4601" status="PASS">
          <reporter-output>
          </reporter-output>
        </test-method> <!-- Verify_url_launch -->
        <test-method signature="Login()[pri:1, instance:TestRunner.TestCases@82de64a]" started-at="2025-01-22T20:35:28 IST" name="Login" finished-at="2025-01-22T20:35:30 IST" duration-ms="1172" status="PASS">
          <reporter-output>
          </reporter-output>
        </test-method> <!-- Login -->
        <test-method signature="Search_Hotel()[pri:2, instance:TestRunner.TestCases@82de64a]" started-at="2025-01-22T20:35:30 IST" name="Search_Hotel" finished-at="2025-01-22T20:35:32 IST" duration-ms="2403" status="PASS">
          <reporter-output>
          </reporter-output>
        </test-method> <!-- Search_Hotel -->
        <test-method signature="Confrom_Hotel()[pri:3, instance:TestRunner.TestCases@82de64a]" started-at="2025-01-22T20:35:33 IST" name="Confrom_Hotel" finished-at="2025-01-22T20:35:34 IST" duration-ms="1173" status="PASS">
          <reporter-output>
          </reporter-output>
        </test-method> <!-- Confrom_Hotel -->
        <test-method signature="Book_Hotel()[pri:4, instance:TestRunner.TestCases@82de64a]" started-at="2025-01-22T20:35:34 IST" name="Book_Hotel" finished-at="2025-01-22T20:35:35 IST" duration-ms="507" status="PASS">
          <reporter-output>
          </reporter-output>
        </test-method> <!-- Book_Hotel -->
        <test-method signature="Payments()[pri:5, instance:TestRunner.TestCases@82de64a]" started-at="2025-01-22T20:35:35 IST" name="Payments" finished-at="2025-01-22T20:35:36 IST" duration-ms="1144" status="PASS">
          <reporter-output>
          </reporter-output>
        </test-method> <!-- Payments -->
        <test-method signature="getHotelbookingid()[pri:6, instance:TestRunner.TestCases@82de64a]" started-at="2025-01-22T20:35:36 IST" name="getHotelbookingid" finished-at="2025-01-22T20:35:46 IST" duration-ms="9628" status="PASS">
          <reporter-output>
          </reporter-output>
        </test-method> <!-- getHotelbookingid -->
      </class> <!-- TestRunner.TestCases -->
    </test> <!-- Test -->
  </suite> <!-- Suite -->
</testng-results>
