<?xml version="1.0" encoding="UTF-8"?>
<testng-results ignored="0" total="3" passed="3" failed="0" skipped="0">
  <reporter-output>
  </reporter-output>
  <suite started-at="2024-12-29T01:01:53 IST" name="Suite" finished-at="2024-12-29T01:03:51 IST" duration-ms="118126">
    <groups>
    </groups>
    <test started-at="2024-12-29T01:01:53 IST" name="Test" finished-at="2024-12-29T01:03:51 IST" duration-ms="118126">
      <class name="FirstSampleProject.Guru99">
        <test-method is-config="true" signature="Beforemethod()[pri:0, instance:FirstSampleProject.Guru99@482bce4f]" started-at="2024-12-29T01:01:53 IST" name="Beforemethod" finished-at="2024-12-29T01:02:24 IST" duration-ms="31210" status="PASS">
          <reporter-output>
          </reporter-output>
        </test-method> <!-- Beforemethod -->
        <test-method signature="add_Customer()[pri:0, instance:FirstSampleProject.Guru99@482bce4f]" started-at="2024-12-29T01:02:24 IST" name="add_Customer" finished-at="2024-12-29T01:02:45 IST" duration-ms="21195" status="PASS">
          <reporter-output>
          </reporter-output>
        </test-method> <!-- add_Customer -->
        <test-method is-config="true" signature="Beforemethod()[pri:0, instance:FirstSampleProject.Guru99@482bce4f]" started-at="2024-12-29T01:02:45 IST" name="Beforemethod" finished-at="2024-12-29T01:02:52 IST" duration-ms="6716" status="PASS">
          <reporter-output>
          </reporter-output>
        </test-method> <!-- Beforemethod -->
        <test-method signature="payBilling()[pri:0, instance:FirstSampleProject.Guru99@482bce4f]" started-at="2024-12-29T01:02:52 IST" name="payBilling" finished-at="2024-12-29T01:03:00 IST" duration-ms="7834" status="PASS">
          <reporter-output>
          </reporter-output>
        </test-method> <!-- payBilling -->
        <test-method is-config="true" signature="Beforemethod()[pri:0, instance:FirstSampleProject.Guru99@482bce4f]" started-at="2024-12-29T01:03:00 IST" name="Beforemethod" finished-at="2024-12-29T01:03:26 IST" duration-ms="26833" status="PASS">
          <reporter-output>
          </reporter-output>
        </test-method> <!-- Beforemethod -->
        <test-method signature="tariffPlanCustomer()[pri:0, instance:FirstSampleProject.Guru99@482bce4f]" started-at="2024-12-29T01:03:26 IST" name="tariffPlanCustomer" finished-at="2024-12-29T01:03:51 IST" duration-ms="24288" status="PASS">
          <reporter-output>
          </reporter-output>
        </test-method> <!-- tariffPlanCustomer -->
        <test-method is-config="true" signature="LastAction()[pri:0, instance:FirstSampleProject.Guru99@482bce4f]" started-at="2024-12-29T01:03:51 IST" name="LastAction" finished-at="2024-12-29T01:03:51 IST" duration-ms="0" status="PASS">
          <reporter-output>
          </reporter-output>
        </test-method> <!-- LastAction -->
      </class> <!-- FirstSampleProject.Guru99 -->
    </test> <!-- Test -->
  </suite> <!-- Suite -->
</testng-results>
